[2019-01-29T13:50:37.606][ERROR  42995  http] ::1 - - "POST /?password=123456&username=admin HTTP/1.1" 404 - "" "PostmanRuntime/7.2.0"
[2019-01-29T13:50:58.752][ERROR  42995  http] ::1 - - "POST /api/user/login?password=123456&username=admin HTTP/1.1" 404 - "" "PostmanRuntime/7.2.0"
[2019-01-29T13:51:39.589][ERROR  42995  http] ::1 - - "POST /api/user/login HTTP/1.1" 404 - "" "PostmanRuntime/7.2.0"
[2019-01-29T13:52:34.311][ERROR  43094  http] ::1 - - "POST /api/user/login HTTP/1.1" 404 - "" "PostmanRuntime/7.2.0"
[2019-01-29T13:53:37.958][ERROR  43094  http] ::1 - - "POST /api/user/login HTTP/1.1" 404 - "" "PostmanRuntime/7.2.0"
[2019-01-29T13:55:44.878][ERROR  43094  http] ::1 - - "POST /api/user/login HTTP/1.1" 404 - "" "PostmanRuntime/7.2.0"
[2019-01-29T13:55:52.590][ERROR  43094  http] ::1 - - "POST /api/user/login HTTP/1.1" 404 - "" "PostmanRuntime/7.2.0"
[2019-01-29T13:58:04.971][ERROR  43192  http] ::1 - - "POST /api/user/login HTTP/1.1" 404 - "" "PostmanRuntime/7.2.0"
[2019-01-29T13:58:43.602][ERROR  43220  http] ::1 - - "POST /api/user/login HTTP/1.1" 404 - "" "PostmanRuntime/7.2.0"
[2019-01-29T13:59:10.683][ERROR  43246  http] ::1 - - "POST /api/user/login HTTP/1.1" 404 - "" "PostmanRuntime/7.2.0"
[2019-01-29T14:00:12.531][ERROR  43286  http] ::1 - - "POST /api/user/login HTTP/1.1" 404 - "" "PostmanRuntime/7.2.0"
[2019-01-29T14:01:34.809][ERROR  43286  http] ::1 - - "POST /api/user/login HTTP/1.1" 404 - "" "PostmanRuntime/7.2.0"
[2019-01-29T14:02:06.580][ERROR  43329  http] ::1 - - "POST /api/user/login HTTP/1.1" 404 - "" "PostmanRuntime/7.2.0"
[2019-01-29T14:03:07.697][ERROR  43378  http] ::1 - - "POST /api/user/login HTTP/1.1" 404 - "" "PostmanRuntime/7.2.0"
[2019-01-29T14:03:31.414][ERROR  43396  http] ::1 - - "POST /api/user/login HTTP/1.1" 404 - "" "PostmanRuntime/7.2.0"
[2019-01-29T14:35:15.081][ERROR  43613  http] ::1 - - "GET /api/user/info?username=admin HTTP/1.1" 404 - "" "PostmanRuntime/7.2.0"
[2019-01-29T14:35:20.987][ERROR  44084  http] ::1 - - "GET /api/user/info?username=admin HTTP/1.1" 404 - "" "PostmanRuntime/7.2.0"
[2019-01-29T14:35:33.857][ERROR  44084  http] ::1 - - "GET /api/user/userinfo?username=admin HTTP/1.1" 404 - "" "PostmanRuntime/7.2.0"
[2019-01-29T14:36:17.623][ERROR  44116  http] ::1 - - "GET /api/user/userinfo?username=admin HTTP/1.1" 404 - "" "PostmanRuntime/7.2.0"
[2019-01-29T14:36:51.384][ERROR  44148  http] ::1 - - "GET /api/user/userinfo?username=admin HTTP/1.1" 404 - "" "PostmanRuntime/7.2.0"
[2019-01-29T14:37:03.283][ERROR  44165  http] ::1 - - "GET /api/user/userinfo?username=admin HTTP/1.1" 404 - "" "PostmanRuntime/7.2.0"
[2019-01-29T14:37:20.551][ERROR  44165  http] ::1 - - "GET /api/user/info?username=admin HTTP/1.1" 404 - "" "PostmanRuntime/7.2.0"
[2019-01-29T14:37:24.829][ERROR  44197  http] ::1 - - "GET /api/user/info?username=admin HTTP/1.1" 404 - "" "PostmanRuntime/7.2.0"
[2019-01-29T14:37:34.780][ERROR  44197  http] ::1 - - "GET /api/user/info?username=admin HTTP/1.1" 404 - "" "PostmanRuntime/7.2.0"
[2019-01-29T14:38:51.633][ERROR  44232  http] ::1 - - "GET /api/user/info?username=admin HTTP/1.1" 404 - "" "PostmanRuntime/7.2.0"
[2019-01-29T14:39:22.167][ERROR  44232  http] ::1 - - "GET /api/user/info?username=admin HTTP/1.1" 404 - "" "PostmanRuntime/7.2.0"
[2019-01-29T14:39:34.829][ERROR  44232  http] ::1 - - "GET /api/user/info?username=admin HTTP/1.1" 404 - "" "PostmanRuntime/7.2.0"
[2019-01-29T14:40:27.268][ERROR  44232  http] ::1 - - "GET /api/user/info?username=admin HTTP/1.1" 404 - "" "PostmanRuntime/7.2.0"
[2019-01-29T14:42:34.299][ERROR  44232  http] ::1 - - "GET /api/user/info HTTP/1.1" 404 - "" "PostmanRuntime/7.2.0"
[2019-01-29T14:42:45.027][ERROR  44232  http] ::1 - - "GET /api/user/info?username=admin HTTP/1.1" 404 - "" "PostmanRuntime/7.2.0"
[2019-01-29T14:43:42.079][ERROR  44307  http] ::1 - - "GET /api/user/info?username=admin HTTP/1.1" 404 - "" "PostmanRuntime/7.2.0"
[2019-01-29T14:44:25.349][ERROR  44307  http] ::1 - - "GET /api/user/info HTTP/1.1" 404 - "" "PostmanRuntime/7.2.0"
[2019-01-29T14:45:23.443][ERROR  44377  http] ::1 - - "GET /api/user/info HTTP/1.1" 404 - "" "PostmanRuntime/7.2.0"
[2019-01-29T14:45:30.724][ERROR  44377  http] ::1 - - "GET /api/user/info?username=admin HTTP/1.1" 404 - "" "PostmanRuntime/7.2.0"
[2019-01-29T14:46:57.193][ERROR  44377  http] ::1 - - "GET /api/class/list HTTP/1.1" 404 - "" "PostmanRuntime/7.2.0"
[2019-01-29T14:47:23.027][ERROR  44431  http] ::1 - - "GET /api/class/list HTTP/1.1" 404 - "" "PostmanRuntime/7.2.0"
[2019-01-29T14:47:24.024][ERROR  44431  http] ::1 - - "GET /api/class/list HTTP/1.1" 404 - "" "PostmanRuntime/7.2.0"
[2019-01-29T14:48:40.776][ERROR  44477  http] ::1 - - "GET /api/user/info?username=admin HTTP/1.1" 404 - "" "PostmanRuntime/7.2.0"
[2019-01-29T14:49:39.591][ERROR  44525  http] ::1 - - "GET /api/user/info?username=admin HTTP/1.1" 404 - "" "PostmanRuntime/7.2.0"
[2019-01-29T14:58:02.830][ERROR  44703  http] ::1 - - "GET /api/user/info?username=admin HTTP/1.1" 404 - "" "PostmanRuntime/7.2.0"
[2019-01-29T15:04:10.125][ERROR  44827  http] ::1 - - "GET /api/user/info?username=admin HTTP/1.1" 404 - "" "PostmanRuntime/7.2.0"
[2019-01-29T15:26:43.031][ERROR  44827  http] ::1 - - "GET /api/user/info?username=admin HTTP/1.1" 404 - "" "PostmanRuntime/7.2.0"
[2019-01-29T15:29:52.015][ERROR  45967  http] ::1 - - "GET /api/user/info?username=admin HTTP/1.1" 404 - "" "PostmanRuntime/7.2.0"
[2019-01-29T15:33:42.763][ERROR  46064  http] ::1 - - "GET /api/user/info?username=admin HTTP/1.1" 404 - "" "PostmanRuntime/7.2.0"
[2019-01-29T15:34:24.833][ERROR  46102  http] ::1 - - "GET /api/user/info?username=admin HTTP/1.1" 404 - "" "PostmanRuntime/7.2.0"
[2019-01-29T15:34:50.134][ERROR  46129  http] ::1 - - "GET /api/user/info?username=admin HTTP/1.1" 404 - "" "PostmanRuntime/7.2.0"
[2019-01-29T15:35:27.664][ERROR  46161  http] ::1 - - "GET /api/user/info?username=admin HTTP/1.1" 404 - "" "PostmanRuntime/7.2.0"
[2019-01-29T15:43:06.343][ERROR  46299  http] ::1 - - "GET /api/user/info?username=admin HTTP/1.1" 404 - "" "PostmanRuntime/7.2.0"
[2019-01-29T15:43:54.090][ERROR  46326  http] ::1 - - "GET /api/user/info?username=admin HTTP/1.1" 404 - "" "PostmanRuntime/7.2.0"
[2019-01-29T15:44:27.443][ERROR  46357  http] ::1 - - "GET /api/user/info?username=admin HTTP/1.1" 404 - "" "PostmanRuntime/7.2.0"
[2019-01-29T15:45:26.453][ERROR  46396  http] ::1 - - "GET /api/user/info?username=admin HTTP/1.1" 404 - "" "PostmanRuntime/7.2.0"
[2019-01-29T15:48:19.807][ERROR  46464  http] ::1 - - "GET /api/user/info?username=admin HTTP/1.1" 404 - "" "PostmanRuntime/7.2.0"
[2019-01-29T15:48:44.641][ERROR  46485  http] ::1 - - "GET /api/user/info?username=admin HTTP/1.1" 404 - "" "PostmanRuntime/7.2.0"
[2019-01-29T15:53:48.634][ERROR  46585  http] ::1 - - "GET /api/user/info?username=admin HTTP/1.1" 404 - "" "PostmanRuntime/7.2.0"
[2019-01-29T15:55:01.836][ERROR  46625  http] ::1 - - "GET /api/user/info?username=admin HTTP/1.1" 404 - "" "PostmanRuntime/7.2.0"
[2019-01-29T15:57:05.104][ERROR  46691  http] ::1 - - "GET /api/user/info?username=admin HTTP/1.1" 404 - "" "PostmanRuntime/7.2.0"
[2019-01-29T15:57:41.158][ERROR  46716  http] ::1 - - "GET /api/user/info?username=admin HTTP/1.1" 404 - "" "PostmanRuntime/7.2.0"
[2019-01-29T15:58:49.443][ERROR  46754  http] ::1 - - "GET /api/user/info?username=admin HTTP/1.1" 404 - "" "PostmanRuntime/7.2.0"
[2019-01-29T15:59:15.955][ERROR  46774  http] ::1 - - "GET /api/user/info?username=admin HTTP/1.1" 404 - "" "PostmanRuntime/7.2.0"
[2019-01-29T16:00:08.165][ERROR  46816  http] ::1 - - "GET /api/user/info?username=admin HTTP/1.1" 404 - "" "PostmanRuntime/7.2.0"
[2019-01-29T16:00:25.839][ERROR  46854  http] ::1 - - "GET /api/user/info?username=admin HTTP/1.1" 404 - "" "PostmanRuntime/7.2.0"
[2019-01-29T16:01:22.184][ERROR  46900  http] ::1 - - "GET /api/user/info?username=admin HTTP/1.1" 404 - "" "PostmanRuntime/7.2.0"
[2019-01-29T16:01:37.220][ERROR  46924  http] ::1 - - "GET /api/user/info?username=admin HTTP/1.1" 404 - "" "PostmanRuntime/7.2.0"
[2019-01-29T16:09:31.788][ERROR  47077  http] ::1 - - "GET /api/user/info?username=admin HTTP/1.1" 404 - "" "PostmanRuntime/7.2.0"
[2019-01-29T16:11:28.846][ERROR  47166  http] ::1 - - "GET /api/user/info?username=admin HTTP/1.1" 404 - "" "PostmanRuntime/7.2.0"
[2019-01-29T16:13:05.290][ERROR  47215  http] ::1 - - "GET /api/user/info?username=admin HTTP/1.1" 404 - "" "PostmanRuntime/7.2.0"
[2019-01-29T16:15:02.688][ERROR  47273  http] ::1 - - "GET /api/user/info?username=admin HTTP/1.1" 404 - "" "PostmanRuntime/7.2.0"
[2019-01-29T16:46:26.914][ERROR  48219  http] ::1 - - "GET /api/user/info?username=admin HTTP/1.1" 404 - "" "PostmanRuntime/7.2.0"
[2019-01-29T16:46:32.326][ERROR  48219  http] ::1 - - "GET /api/user/info?username=admin HTTP/1.1" 404 - "" "PostmanRuntime/7.2.0"
